<?xml version="1.0" encoding="UTF-8"?>
<testng-results skipped="0" failed="0" ignored="0" total="1" passed="1">
  <reporter-output>
  </reporter-output>
  <suite name="Suite" duration-ms="47" started-at="2020-07-20T10:14:00 IST" finished-at="2020-07-20T10:14:00 IST">
    <groups>
    </groups>
    <test name="Test" duration-ms="47" started-at="2020-07-20T10:14:00 IST" finished-at="2020-07-20T10:14:00 IST">
      <class name="qaclickacademy.mavenjava.AppiumTest">
        <test-method status="PASS" signature="mobile()[pri:0, instance:qaclickacademy.mavenjava.AppiumTest@7d907bac]" name="mobile" duration-ms="5" started-at="2020-07-20T10:14:00 IST" finished-at="2020-07-20T10:14:00 IST">
          <reporter-output>
          </reporter-output>
        </test-method> <!-- mobile -->
      </class> <!-- qaclickacademy.mavenjava.AppiumTest -->
    </test> <!-- Test -->
  </suite> <!-- Suite -->
</testng-results>
